<?xml version="1.0" encoding="UTF-8"?>
<!-- Generated by org.testng.reporters.JUnitReportReporter -->
<testsuite skipped="10" hostname="asda1712po02529" name="web_service_test.assignment_snl_services.BoardTest" tests="11" failures="1" timestamp="14 Jul 2017 04:48:16 GMT" time="0.158" errors="0">
  <testcase name="check_inavlid_player_details" time="0.000" classname="web_service_test.assignment_snl_services.BoardTest">
    <skipped/>
  </testcase> <!-- check_inavlid_player_details -->
  <testcase name="delete_player" time="0.000" classname="web_service_test.assignment_snl_services.BoardTest">
    <skipped/>
  </testcase> <!-- delete_player -->
  <testcase name="add_player_while_game_is_on" time="0.000" classname="web_service_test.assignment_snl_services.BoardTest">
    <skipped/>
  </testcase> <!-- add_player_while_game_is_on -->
  <testcase name="board_details" time="0.000" classname="web_service_test.assignment_snl_services.BoardTest">
    <skipped/>
  </testcase> <!-- board_details -->
  <testcase name="deleteboard" time="0.000" classname="web_service_test.assignment_snl_services.BoardTest">
    <skipped/>
  </testcase> <!-- deleteboard -->
  <testcase name="check_roll_dice" time="0.000" classname="web_service_test.assignment_snl_services.BoardTest">
    <skipped/>
  </testcase> <!-- check_roll_dice -->
  <testcase name="update_player" time="0.000" classname="web_service_test.assignment_snl_services.BoardTest">
    <skipped/>
  </testcase> <!-- update_player -->
  <testcase name="player_add_check" time="0.000" classname="web_service_test.assignment_snl_services.BoardTest">
    <skipped/>
  </testcase> <!-- player_add_check -->
  <testcase name="board_invalid_details" time="0.000" classname="web_service_test.assignment_snl_services.BoardTest">
    <skipped/>
  </testcase> <!-- board_invalid_details -->
  <testcase name="check_player_details" time="0.000" classname="web_service_test.assignment_snl_services.BoardTest">
    <skipped/>
  </testcase> <!-- check_player_details -->
  <testcase name="check_board_creation" time="0.158" classname="web_service_test.assignment_snl_services.BoardTest">
    <failure type="java.lang.AssertionError" message="
Expecting:
 &lt;401&gt;
to be equal to:
 &lt;200&gt;
but was not.">
      <![CDATA[java.lang.AssertionError: 
Expecting:
 <401>
to be equal to:
 <200>
but was not.
	at web_service_test.assignment_snl_services.BoardTest.check_board_creation(BoardTest.java:67)
	at sun.reflect.NativeMethodAccessorImpl.invoke0(Native Method)
	at sun.reflect.NativeMethodAccessorImpl.invoke(NativeMethodAccessorImpl.java:62)
	at sun.reflect.DelegatingMethodAccessorImpl.invoke(DelegatingMethodAccessorImpl.java:43)
	at java.lang.reflect.Method.invoke(Method.java:498)
	at org.testng.internal.MethodInvocationHelper.invokeMethod(MethodInvocationHelper.java:108)
	at org.testng.internal.Invoker.invokeMethod(Invoker.java:661)
	at org.testng.internal.Invoker.invokeTestMethod(Invoker.java:869)
	at org.testng.internal.Invoker.invokeTestMethods(Invoker.java:1193)
	at org.testng.internal.TestMethodWorker.invokeTestMethods(TestMethodWorker.java:126)
	at org.testng.internal.TestMethodWorker.run(TestMethodWorker.java:109)
	at org.testng.TestRunner.privateRun(TestRunner.java:744)
	at org.testng.TestRunner.run(TestRunner.java:602)
	at org.testng.SuiteRunner.runTest(SuiteRunner.java:380)
	at org.testng.SuiteRunner.runSequentially(SuiteRunner.java:375)
	at org.testng.SuiteRunner.privateRun(SuiteRunner.java:340)
	at org.testng.SuiteRunner.run(SuiteRunner.java:289)
	at org.testng.SuiteRunnerWorker.runSuite(SuiteRunnerWorker.java:52)
	at org.testng.SuiteRunnerWorker.run(SuiteRunnerWorker.java:86)
	at org.testng.TestNG.runSuitesSequentially(TestNG.java:1301)
	at org.testng.TestNG.runSuitesLocally(TestNG.java:1226)
	at org.testng.TestNG.runSuites(TestNG.java:1144)
	at org.testng.TestNG.run(TestNG.java:1115)
	at org.testng.remote.AbstractRemoteTestNG.run(AbstractRemoteTestNG.java:132)
	at org.testng.remote.RemoteTestNG.initAndRun(RemoteTestNG.java:230)
	at org.testng.remote.RemoteTestNG.main(RemoteTestNG.java:76)
]]>
    </failure>
  </testcase> <!-- check_board_creation -->
</testsuite> <!-- web_service_test.assignment_snl_services.BoardTest -->
